<?xml version="1.0" encoding="UTF-8"?>
<testsuite xmlns:xsi="http://www.w3.org/2001/XMLSchema-instance" xsi:noNamespaceSchemaLocation="https://maven.apache.org/surefire/maven-surefire-plugin/xsd/surefire-test-report-3.0.xsd" version="3.0" name="com.springdatamysql.BookControllerTest" time="13.685" tests="6" errors="0" skipped="0" failures="0">
  <properties>
[...]
</properties>
  <testcase name="testFindAll" classname="com.springdatamysql.BookControllerTest" time="0.582">
    <system-out><![CDATA[15:16:29.227 [main] INFO org.springframework.test.context.support.AnnotationConfigContextLoaderUtils -- Could not detect default configuration classes for test class [com.springdatamysql.BookControllerTest]: BookControllerTest does not declare any static, non-private, non-final, nested classes annotated with @Configuration.
15:16:29.279 [main] INFO org.testcontainers.utility.ImageNameSubstitutor -- Image name substitution will be performed by: DefaultImageNameSubstitutor (composite of 'ConfigurationFileImageNameSubstitutor' and 'PrefixingImageNameSubstitutor')
15:16:29.427 [main] INFO org.testcontainers.dockerclient.DockerClientProviderStrategy -- Loaded org.testcontainers.dockerclient.UnixSocketClientProviderStrategy from ~/.testcontainers.properties, will try it first
15:16:29.594 [main] INFO org.testcontainers.dockerclient.DockerClientProviderStrategy -- Found Docker environment with local Unix socket (unix:///var/run/docker.sock)
15:16:29.595 [main] INFO org.testcontainers.DockerClientFactory -- Docker host IP address is localhost
15:16:29.619 [main] INFO org.testcontainers.DockerClientFactory -- Connected to docker: 
  Server Version: 20.10.22
  API Version: 1.41
  Operating System: Docker Desktop
  Total Memory: 23759 MB
15:16:29.665 [main] INFO tc.testcontainers/ryuk:0.5.1 -- Creating container for image: testcontainers/ryuk:0.5.1
15:16:30.239 [main] INFO org.testcontainers.utility.RegistryAuthLocator -- Credential helper/store (docker-credential-desktop) does not have credentials for https://index.docker.io/v1/
15:16:30.325 [main] INFO tc.testcontainers/ryuk:0.5.1 -- Container testcontainers/ryuk:0.5.1 is starting: 2bb5952edbac3111e554e3e4670db2cb357d8fc5f4844ce6eae3651d7e481f46
15:16:30.793 [main] INFO tc.testcontainers/ryuk:0.5.1 -- Container testcontainers/ryuk:0.5.1 started in PT1.169512S
15:16:30.799 [main] INFO org.testcontainers.utility.RyukResourceReaper -- Ryuk started - will monitor and terminate Testcontainers containers on JVM exit
15:16:30.799 [main] INFO org.testcontainers.DockerClientFactory -- Checking the system...
15:16:30.799 [main] INFO org.testcontainers.DockerClientFactory -- ✔︎ Docker server version should be at least 1.6.0
15:16:30.858 [main] INFO org.springframework.boot.test.context.SpringBootTestContextBootstrapper -- Found @SpringBootConfiguration com.springdatamysql.StartApplication for test class com.springdatamysql.BookControllerTest
15:16:30.911 [main] INFO tc.mysql:8.0.30 -- Creating container for image: mysql:8.0.30
15:16:30.995 [main] INFO tc.mysql:8.0.30 -- Container mysql:8.0.30 is starting: 364fa2bc714627ac1bd41237fe8a29ce1bae15148b39bde2b5ca93149699409a
15:16:31.253 [main] INFO tc.mysql:8.0.30 -- Waiting for database connection to become available at jdbc:mysql://localhost:53224/test using query 'SELECT 1'
15:16:39.565 [main] INFO tc.mysql:8.0.30 -- Container mysql:8.0.30 started in PT8.653916S
15:16:39.565 [main] INFO tc.mysql:8.0.30 -- Container is started (JDBC URL: jdbc:mysql://localhost:53224/test)

  .   ____          _            __ _ _
 /\\ / ___'_ __ _ _(_)_ __  __ _ \ \ \ \
( ( )\___ | '_ | '_| | '_ \/ _` | \ \ \ \
 \\/  ___)| |_)| | | | | || (_| |  ) ) ) )
  '  |____| .__|_| |_|_| |_\__, | / / / /
 =========|_|==============|___/=/_/_/_/
 :: Spring Boot ::                (v3.1.2)

2024-06-18T15:16:39.703-04:00  INFO 26795 --- [           main] com.springdatamysql.BookControllerTest   : Starting BookControllerTest using Java 21.0.2 with PID 26795 (started by satyaagarwal in /Users/satyaagarwal/Documents/backup/customers/wellsfargo/spring-boot/spring-data-jpa-mysql)
2024-06-18T15:16:39.704-04:00  INFO 26795 --- [           main] com.springdatamysql.BookControllerTest   : No active profile set, falling back to 1 default profile: "default"
2024-06-18T15:16:40.007-04:00  INFO 26795 --- [           main] .s.d.r.c.RepositoryConfigurationDelegate : Bootstrapping Spring Data JPA repositories in DEFAULT mode.
2024-06-18T15:16:40.032-04:00  INFO 26795 --- [           main] .s.d.r.c.RepositoryConfigurationDelegate : Finished Spring Data repository scanning in 21 ms. Found 1 JPA repository interfaces.
2024-06-18T15:16:40.268-04:00  INFO 26795 --- [           main] o.s.b.w.embedded.tomcat.TomcatWebServer  : Tomcat initialized with port(s): 0 (http)
2024-06-18T15:16:40.318-04:00  INFO 26795 --- [           main] w.s.c.ServletWebServerApplicationContext : Root WebApplicationContext: initialization completed in 604 ms
2024-06-18T15:16:40.550-04:00  INFO 26795 --- [           main] o.s.o.j.p.SpringPersistenceUnitInfo      : No LoadTimeWeaver setup: ignoring JPA class transformer
2024-06-18T15:16:41.206-04:00  INFO 26795 --- [           main] j.LocalContainerEntityManagerFactoryBean : Initialized JPA EntityManagerFactory for persistence unit 'default'
2024-06-18T15:16:41.325-04:00  INFO 26795 --- [           main] o.s.d.j.r.query.QueryEnhancerFactory     : Hibernate is in classpath; If applicable, HQL parser will be used.
2024-06-18T15:16:41.569-04:00  WARN 26795 --- [           main] JpaBaseConfiguration$JpaWebConfiguration : spring.jpa.open-in-view is enabled by default. Therefore, database queries may be performed during view rendering. Explicitly configure spring.jpa.open-in-view to disable this warning
2024-06-18T15:16:41.736-04:00  INFO 26795 --- [           main] o.s.b.w.embedded.tomcat.TomcatWebServer  : Tomcat started on port(s): 53309 (http) with context path ''
2024-06-18T15:16:41.741-04:00  INFO 26795 --- [           main] com.springdatamysql.BookControllerTest   : Started BookControllerTest in 2.158 seconds (process running for 12.946)
2024-06-18T15:16:42.255-04:00  INFO 26795 --- [o-auto-1-exec-1] o.s.web.servlet.DispatcherServlet        : Initializing Servlet 'dispatcherServlet'
2024-06-18T15:16:42.256-04:00  INFO 26795 --- [o-auto-1-exec-1] o.s.web.servlet.DispatcherServlet        : Completed initialization in 1 ms
]]></system-out>
    <system-err><![CDATA[WARNING: A Java agent has been loaded dynamically (/Users/satyaagarwal/.m2/repository/net/bytebuddy/byte-buddy-agent/1.14.5/byte-buddy-agent-1.14.5.jar)
WARNING: If a serviceability tool is in use, please run with -XX:+EnableDynamicAgentLoading to hide this warning
WARNING: If a serviceability tool is not in use, please run with -Djdk.instrument.traceUsage for more information
WARNING: Dynamic loading of agents will be disallowed by default in a future release
]]></system-err>
  </testcase>
  <testcase name="testFindByTitle" classname="com.springdatamysql.BookControllerTest" time="0.055"/>
  <testcase name="testDeleteById" classname="com.springdatamysql.BookControllerTest" time="0.053"/>
  <testcase name="testCreate" classname="com.springdatamysql.BookControllerTest" time="0.031"/>
  <testcase name="testUpdate" classname="com.springdatamysql.BookControllerTest" time="0.04"/>
  <testcase name="testFindByPublishedDateAfter" classname="com.springdatamysql.BookControllerTest" time="0.057"/>
</testsuite>